---------------------------------------------------------------
[ 2017-10-07T21:29:33+08:00 ] 127.0.0.1 127.0.0.1 GET /github/admin/admin.php/money/index/edit/id/2.html
[ info ] localhost/github/admin/admin.php/money/index/edit/id/2.html [运行时间：0.141008s][吞吐率：7.09req/s] [内存消耗：3,047.80kb] [文件加载：73]
[ info ] [ LANG ] E:\phpStudy\WWW\Github\admin\thinkphp\lang\zh-cn.php
[ info ] [ ROUTE ] array (
  'type' => 'module',
  'module' => 
  array (
    0 => 'money',
    1 => 'index',
    2 => 'edit',
  ),
)
[ info ] [ HEADER ] array (
  'cookie' => 'Hm_lvt_aa2f9869e9b578122e4692de2bd9f80f=1505651992,1505747154,1505910571; PHPSESSID=cmg8ehpvnpo13kjocvgainimb1; dolphin_home_uid=1; dolphin_home_signin_token=cf0395907f7968cfc0b7845f31855e925ad0617a; dolphin_home___forward__=%2Fgithub%2Fadmin%2Fadmin.php%2Fmoney%2Findex%2Findex.html',
  'accept-language' => 'zh-CN,zh;q=0.8',
  'accept-encoding' => 'gzip, deflate, br',
  'referer' => 'http://localhost/github/admin/admin.php/money/index/index.html',
  'accept' => 'text/html,application/xhtml+xml,application/xml;q=0.9,image/webp,image/apng,*/*;q=0.8',
  'user-agent' => 'Mozilla/5.0 (Windows NT 6.1; WOW64) AppleWebKit/537.36 (KHTML, like Gecko) Chrome/61.0.3163.100 Safari/537.36',
  'upgrade-insecure-requests' => '1',
  'cache-control' => 'max-age=0',
  'connection' => 'keep-alive',
  'host' => 'localhost',
  'content-length' => '',
  'content-type' => '',
)
[ info ] [ PARAM ] array (
  'id' => '2',
)
[ info ] [ CACHE ] INIT File
[ info ] [ DB ] INIT mysql
[ info ] [ BEHAVIOR ] Run app\common\behavior\Config @app_begin [ RunTime:0.024001s ]
[ info ] [ BEHAVIOR ] Run app\common\behavior\Hook @app_begin [ RunTime:0.035002s ]
[ info ] [ SESSION ] INIT array (
  'id' => '',
  'var_session_id' => '',
  'prefix' => 'dolphin_admin_',
  'type' => '',
  'auto_start' => true,
)
[ info ] [ RUN ] app\money\admin\Index->edit[ E:\phpStudy\WWW\Github\admin\application\money\admin\Index.php ]
[ info ] [ VIEW ] E:\phpStudy\WWW\Github\admin/application/common/builder/form/layout.html [ array (
  0 => '_admin_base_layout',
  1 => 'system_color',
  2 => '_top_menus',
  3 => '_top_menus_all',
  4 => '_sidebar_menus',
  5 => '_location',
  6 => 'aside',
  7 => '_pop',
  8 => 'page_title',
  9 => 'page_tips',
  10 => 'tips_type',
  11 => 'btn_hide',
  12 => 'btn_title',
  13 => 'form_items',
  14 => 'tab_nav',
  15 => 'post_url',
  16 => 'form_data',
  17 => 'extra_html',
  18 => 'extra_js',
  19 => 'extra_css',
  20 => 'ajax_submit',
  21 => 'hide_header',
  22 => 'header_title',
  23 => 'js_list',
  24 => 'css_list',
  25 => 'field_triggers',
  26 => 'field_hide',
  27 => 'field_values',
  28 => 'field_clear',
  29 => '_js_files',
  30 => '_js_init',
  31 => '_css_files',
  32 => '_layout',
  33 => 'btn_extra',
  34 => 'submit_confirm',
  35 => 'extend_js_list',
  36 => 'extend_css_list',
  37 => '_method',
  38 => 'empty_tips',
) ]
[ info ] [ LOG ] INIT File
[ sql ] [ DB ] CONNECT:[ UseTime:0.002000s ] mysql:dbname=money;host=127.0.0.1;port=3306;charset=utf8
[ sql ] [ SQL ] SHOW COLUMNS FROM `dp_admin_config` [ RunTime:0.004001s ]
[ sql ] [ SQL ] SELECT `name`,`value`,`type` FROM `dp_admin_config` [ RunTime:0.000000s ]
[ sql ] [ SQL ] SHOW COLUMNS FROM `dp_admin_module` [ RunTime:0.009000s ]
[ sql ] [ SQL ] SELECT `name`,`config` FROM `dp_admin_module` WHERE  `config` <> '' [ RunTime:0.000000s ]
[ sql ] [ SQL ] SHOW COLUMNS FROM `dp_admin_hook` [ RunTime:0.009001s ]
[ sql ] [ SQL ] SELECT `name`,`status` FROM `dp_admin_hook` WHERE  `status` = 1 [ RunTime:0.000000s ]
[ sql ] [ SQL ] SHOW COLUMNS FROM `dp_admin_plugin` [ RunTime:0.010000s ]
[ sql ] [ SQL ] SELECT `name`,`status` FROM `dp_admin_plugin` WHERE  `status` = 1 [ RunTime:0.001001s ]
[ sql ] [ SQL ] SHOW COLUMNS FROM `dp_admin_hook_plugin` [ RunTime:0.011000s ]
[ sql ] [ SQL ] SELECT * FROM `dp_admin_hook_plugin` WHERE  `status` = 1 ORDER BY hook,sort [ RunTime:0.000000s ]
[ sql ] [ SQL ] SHOW COLUMNS FROM `dp_admin_role` [ RunTime:0.012001s ]
[ sql ] [ SQL ] SELECT `menu_auth` FROM `dp_admin_role` WHERE  `id` = 1 LIMIT 1 [ RunTime:0.000000s ]
[ sql ] [ SQL ] SHOW COLUMNS FROM `dp_admin_menu` [ RunTime:0.008001s ]
[ sql ] [ SQL ] SELECT `id`,`url_value` FROM `dp_admin_menu` WHERE  `id` = 0 [ RunTime:0.000000s ]
[ sql ] [ SQL ] SELECT `id`,`pid`,`module`,`title`,`url_value`,`url_type`,`url_target`,`icon`,`params` FROM `dp_admin_menu` WHERE  `status` = 1  AND `pid` = 0 ORDER BY sort,id LIMIT 10 [ RunTime:0.000000s ]
[ sql ] [ SQL ] SELECT `id`,`pid`,`module`,`title`,`url_value`,`url_type`,`url_target`,`icon`,`params` FROM `dp_admin_menu` WHERE  `status` = 1  AND `pid` = 0 ORDER BY sort,id [ RunTime:0.001000s ]
[ sql ] [ SQL ] SELECT `id` FROM `dp_admin_menu` WHERE  `pid` <> 0  AND `url_value` = 'money/index/edit' LIMIT 1 [ RunTime:0.000000s ]
[ sql ] [ SQL ] SELECT `id`,`pid`,`title`,`url_value` FROM `dp_admin_menu` [ RunTime:0.000000s ]
[ sql ] [ SQL ] SELECT `id`,`pid`,`module`,`title`,`url_value`,`url_type`,`url_target`,`icon`,`params` FROM `dp_admin_menu` WHERE  `status` = 1  AND `module` = 'money' ORDER BY sort,id [ RunTime:0.001000s ]
[ sql ] [ SQL ] SELECT `id` FROM `dp_admin_menu` WHERE  `pid` <> 0  AND `url_value` = 'money/index/edit' LIMIT 1 [ RunTime:0.000000s ]
[ sql ] [ SQL ] SELECT `id`,`pid`,`title`,`url_value` FROM `dp_admin_menu` [ RunTime:0.000000s ]
[ sql ] [ SQL ] SELECT `value` FROM `dp_admin_config` WHERE  `id` = 1 LIMIT 1 [ RunTime:0.000000s ]
[ sql ] [ SQL ] SHOW COLUMNS FROM `dp_admin_user` [ RunTime:0.010001s ]
[ sql ] [ SQL ] SELECT `id`,`username`,`nickname`,`email`,`email_bind`,`mobile`,`mobile_bind`,`avatar`,`money`,`score`,`role`,`group`,`signup_ip`,`create_time`,`update_time`,`last_login_time`,`last_login_ip`,`sort`,`status` FROM `dp_admin_user` WHERE  `id` = 2 LIMIT 1 [ RunTime:0.001000s ]
[ sql ] [ SQL ] SELECT `id`,`pid`,`name` FROM `dp_admin_role` WHERE  `status` >= 0 [ RunTime:0.000000s ]
[ sql ] [ SQL ] SELECT `avatar` FROM `dp_admin_user` WHERE  `id` = 1 LIMIT 1 [ RunTime:0.000000s ]
[ sql ] [ SQL ] SHOW COLUMNS FROM `dp_admin_attachment` [ RunTime:0.011001s ]
[ sql ] [ SQL ] SELECT * FROM `dp_admin_attachment` WHERE  `id` = 0 LIMIT 1 [ RunTime:0.001000s ]
[ sql ] [ SQL ] SELECT `avatar` FROM `dp_admin_user` WHERE  `id` = 1 LIMIT 1 [ RunTime:0.000000s ]
[ sql ] [ SQL ] SELECT * FROM `dp_admin_attachment` WHERE  `id` = 0 LIMIT 1 [ RunTime:0.000000s ]
---------------------------------------------------------------
[ 2017-10-07T21:29:39+08:00 ] 127.0.0.1 127.0.0.1 GET /github/admin/admin.php/money/index/edit/id/2.html
[ info ] localhost/github/admin/admin.php/money/index/edit/id/2.html [运行时间：0.229014s][吞吐率：4.37req/s] [内存消耗：3,041.94kb] [文件加载：73]
[ info ] [ LANG ] E:\phpStudy\WWW\Github\admin\thinkphp\lang\zh-cn.php
[ info ] [ ROUTE ] array (
  'type' => 'module',
  'module' => 
  array (
    0 => 'money',
    1 => 'index',
    2 => 'edit',
  ),
)
[ info ] [ HEADER ] array (
  'cookie' => 'Hm_lvt_aa2f9869e9b578122e4692de2bd9f80f=1505651992,1505747154,1505910571; PHPSESSID=cmg8ehpvnpo13kjocvgainimb1; dolphin_home_uid=1; dolphin_home_signin_token=cf0395907f7968cfc0b7845f31855e925ad0617a; dolphin_home___forward__=%2Fgithub%2Fadmin%2Fadmin.php%2Fmoney%2Findex%2Findex.html',
  'accept-language' => 'zh-CN,zh;q=0.8',
  'accept-encoding' => 'gzip, deflate, br',
  'referer' => 'http://localhost/github/admin/admin.php/money/index/index.html',
  'accept' => 'text/html,application/xhtml+xml,application/xml;q=0.9,image/webp,image/apng,*/*;q=0.8',
  'user-agent' => 'Mozilla/5.0 (Windows NT 6.1; WOW64) AppleWebKit/537.36 (KHTML, like Gecko) Chrome/61.0.3163.100 Safari/537.36',
  'upgrade-insecure-requests' => '1',
  'cache-control' => 'max-age=0',
  'connection' => 'keep-alive',
  'host' => 'localhost',
  'content-length' => '',
  'content-type' => '',
)
[ info ] [ PARAM ] array (
  'id' => '2',
)
[ info ] [ CACHE ] INIT File
[ info ] [ DB ] INIT mysql
[ info ] [ BEHAVIOR ] Run app\common\behavior\Config @app_begin [ RunTime:0.046003s ]
[ info ] [ BEHAVIOR ] Run app\common\behavior\Hook @app_begin [ RunTime:0.051003s ]
[ info ] [ SESSION ] INIT array (
  'id' => '',
  'var_session_id' => '',
  'prefix' => 'dolphin_admin_',
  'type' => '',
  'auto_start' => true,
)
[ info ] [ RUN ] app\money\admin\Index->edit[ E:\phpStudy\WWW\Github\admin\application\money\admin\Index.php ]
[ info ] [ VIEW ] E:\phpStudy\WWW\Github\admin/application/common/builder/form/layout.html [ array (
  0 => '_admin_base_layout',
  1 => 'system_color',
  2 => '_top_menus',
  3 => '_top_menus_all',
  4 => '_sidebar_menus',
  5 => '_location',
  6 => 'aside',
  7 => '_pop',
  8 => 'page_title',
  9 => 'page_tips',
  10 => 'tips_type',
  11 => 'btn_hide',
  12 => 'btn_title',
  13 => 'form_items',
  14 => 'tab_nav',
  15 => 'post_url',
  16 => 'form_data',
  17 => 'extra_html',
  18 => 'extra_js',
  19 => 'extra_css',
  20 => 'ajax_submit',
  21 => 'hide_header',
  22 => 'header_title',
  23 => 'js_list',
  24 => 'css_list',
  25 => 'field_triggers',
  26 => 'field_hide',
  27 => 'field_values',
  28 => 'field_clear',
  29 => '_js_files',
  30 => '_js_init',
  31 => '_css_files',
  32 => '_layout',
  33 => 'btn_extra',
  34 => 'submit_confirm',
  35 => 'extend_js_list',
  36 => 'extend_css_list',
  37 => '_method',
  38 => 'empty_tips',
) ]
[ info ] [ LOG ] INIT File
[ sql ] [ DB ] CONNECT:[ UseTime:0.011000s ] mysql:dbname=money;host=127.0.0.1;port=3306;charset=utf8
[ sql ] [ SQL ] SHOW COLUMNS FROM `dp_admin_config` [ RunTime:0.011001s ]
[ sql ] [ SQL ] SELECT `name`,`value`,`type` FROM `dp_admin_config` [ RunTime:0.000000s ]
[ sql ] [ SQL ] SHOW COLUMNS FROM `dp_admin_module` [ RunTime:0.012001s ]
[ sql ] [ SQL ] SELECT `name`,`config` FROM `dp_admin_module` WHERE  `config` <> '' [ RunTime:0.000000s ]
[ sql ] [ SQL ] SHOW COLUMNS FROM `dp_admin_hook` [ RunTime:0.012001s ]
[ sql ] [ SQL ] SELECT `name`,`status` FROM `dp_admin_hook` WHERE  `status` = 1 [ RunTime:0.001000s ]
[ sql ] [ SQL ] SHOW COLUMNS FROM `dp_admin_plugin` [ RunTime:0.015001s ]
[ sql ] [ SQL ] SELECT `name`,`status` FROM `dp_admin_plugin` WHERE  `status` = 1 [ RunTime:0.000000s ]
[ sql ] [ SQL ] SHOW COLUMNS FROM `dp_admin_hook_plugin` [ RunTime:0.018001s ]
[ sql ] [ SQL ] SELECT * FROM `dp_admin_hook_plugin` WHERE  `status` = 1 ORDER BY hook,sort [ RunTime:0.000000s ]
[ sql ] [ SQL ] SHOW COLUMNS FROM `dp_admin_role` [ RunTime:0.024001s ]
[ sql ] [ SQL ] SELECT `menu_auth` FROM `dp_admin_role` WHERE  `id` = 1 LIMIT 1 [ RunTime:0.001000s ]
[ sql ] [ SQL ] SHOW COLUMNS FROM `dp_admin_menu` [ RunTime:0.011001s ]
[ sql ] [ SQL ] SELECT `id`,`url_value` FROM `dp_admin_menu` WHERE  `id` = 0 [ RunTime:0.000000s ]
[ sql ] [ SQL ] SELECT `id`,`pid`,`module`,`title`,`url_value`,`url_type`,`url_target`,`icon`,`params` FROM `dp_admin_menu` WHERE  `status` = 1  AND `pid` = 0 ORDER BY sort,id LIMIT 10 [ RunTime:0.002000s ]
[ sql ] [ SQL ] SELECT `id`,`pid`,`module`,`title`,`url_value`,`url_type`,`url_target`,`icon`,`params` FROM `dp_admin_menu` WHERE  `status` = 1  AND `pid` = 0 ORDER BY sort,id [ RunTime:0.000000s ]
[ sql ] [ SQL ] SELECT `id` FROM `dp_admin_menu` WHERE  `pid` <> 0  AND `url_value` = 'money/index/edit' LIMIT 1 [ RunTime:0.001000s ]
[ sql ] [ SQL ] SELECT `id`,`pid`,`title`,`url_value` FROM `dp_admin_menu` [ RunTime:0.000000s ]
[ sql ] [ SQL ] SELECT `id`,`pid`,`module`,`title`,`url_value`,`url_type`,`url_target`,`icon`,`params` FROM `dp_admin_menu` WHERE  `status` = 1  AND `module` = 'money' ORDER BY sort,id [ RunTime:0.000000s ]
[ sql ] [ SQL ] SELECT `id` FROM `dp_admin_menu` WHERE  `pid` <> 0  AND `url_value` = 'money/index/edit' LIMIT 1 [ RunTime:0.001000s ]
[ sql ] [ SQL ] SELECT `id`,`pid`,`title`,`url_value` FROM `dp_admin_menu` [ RunTime:0.000000s ]
[ sql ] [ SQL ] SELECT `value` FROM `dp_admin_config` WHERE  `id` = 1 LIMIT 1 [ RunTime:0.000000s ]
[ sql ] [ SQL ] SHOW COLUMNS FROM `dp_admin_user` [ RunTime:0.010000s ]
[ sql ] [ SQL ] SELECT `id`,`username`,`nickname`,`email`,`email_bind`,`mobile`,`mobile_bind`,`avatar`,`money`,`score`,`role`,`group`,`signup_ip`,`create_time`,`update_time`,`last_login_time`,`last_login_ip`,`sort`,`status` FROM `dp_admin_user` WHERE  `id` = 2 LIMIT 1 [ RunTime:0.000000s ]
[ sql ] [ SQL ] SELECT `id`,`pid`,`name` FROM `dp_admin_role` WHERE  `status` >= 0 [ RunTime:0.000000s ]
[ sql ] [ SQL ] SELECT `avatar` FROM `dp_admin_user` WHERE  `id` = 1 LIMIT 1 [ RunTime:0.000000s ]
[ sql ] [ SQL ] SHOW COLUMNS FROM `dp_admin_attachment` [ RunTime:0.009000s ]
[ sql ] [ SQL ] SELECT * FROM `dp_admin_attachment` WHERE  `id` = 0 LIMIT 1 [ RunTime:0.001000s ]
[ sql ] [ SQL ] SELECT `avatar` FROM `dp_admin_user` WHERE  `id` = 1 LIMIT 1 [ RunTime:0.000000s ]
[ sql ] [ SQL ] SELECT * FROM `dp_admin_attachment` WHERE  `id` = 0 LIMIT 1 [ RunTime:0.000000s ]
